<?xml version="1.0" encoding="UTF-8"?>
<!-- Generated by org.testng.reporters.JUnitReportReporter -->
<testsuite hostname="DESKTOP-0A7DVIM" failures="0" tests="1" name="com.simplilearn.RestAssured_dummyapi.apitesting" time="2.051" errors="0" timestamp="2023-07-23T18:01:11 IST" skipped="0">
  <testcase classname="com.simplilearn.RestAssured_dummyapi.apitesting" name="test3" time="2.051"/>
  <system-out/>
</testsuite> <!-- com.simplilearn.RestAssured_dummyapi.apitesting -->
